# JRE version: OpenJDK Runtime Environment (17.0.10) (build 17.0.10+0--11609105)
# Java VM: OpenJDK 64-Bit Server VM (17.0.10+0--11609105, mixed mode, tiered, compressed oops, compressed class ptrs, g1 gc, windows-amd64)
GC Precious Log:
 CPUs: 2 total, 2 available
 Memory: 6142M
 Large Page Support: Disabled
 NUMA Support: Disabled
 Compressed Oops: Enabled (32-bit)
 Heap Region Size: 1M
 Heap Min Capacity: 8M
 Heap Initial Capacity: 96M
 Heap Max Capacity: 2G
 Pre-touch: Disabled
 Parallel Workers: 2
 Concurrent Workers: 1
 Concurrent Refinement Workers: 2
 Periodic GC: Disabled
Heap:
 garbage-first heap   total 119808K, used 70574K [0x0000000080000000, 0x0000000100000000)
  region size 1024K, 4 young (4096K), 3 survivors (3072K)
 Metaspace       used 67826K, committed 68416K, reserved 1114112K
  class space    used 9458K, committed 9728K, reserved 1048576K
GC Heap History (20 events):
Event: 43.479 GC heap before
{Heap before GC invocations=28 (full 0):
 garbage-first heap   total 91136K, used 54573K [0x0000000080000000, 0x0000000100000000)
  region size 1024K, 10 young (10240K), 3 survivors (3072K)
 Metaspace       used 51098K, committed 51520K, reserved 1114112K
  class space    used 6868K, committed 7040K, reserved 1048576K
}
Event: 43.492 GC heap after
{Heap after GC invocations=29 (full 0):
 garbage-first heap   total 91136K, used 50252K [0x0000000080000000, 0x0000000100000000)
  region size 1024K, 4 young (4096K), 4 survivors (4096K)
 Metaspace       used 51098K, committed 51520K, reserved 1114112K
  class space    used 6868K, committed 7040K, reserved 1048576K
}
Event: 43.662 GC heap before
{Heap before GC invocations=30 (full 0):
 garbage-first heap   total 91136K, used 53324K [0x0000000080000000, 0x0000000100000000)
  region size 1024K, 5 young (5120K), 4 survivors (4096K)
 Metaspace       used 51098K, committed 51520K, reserved 1114112K
  class space    used 6868K, committed 7040K, reserved 1048576K
}
Event: 43.669 GC heap after
{Heap after GC invocations=31 (full 0):
 garbage-first heap   total 91136K, used 53637K [0x0000000080000000, 0x0000000100000000)
  region size 1024K, 3 young (3072K), 3 survivors (3072K)
 Metaspace       used 51098K, committed 51520K, reserved 1114112K
  class space    used 6868K, committed 7040K, reserved 1048576K
}
Event: 45.520 GC heap before
{Heap before GC invocations=32 (full 0):
 garbage-first heap   total 102400K, used 64901K [0x0000000080000000, 0x0000000100000000)
  region size 1024K, 10 young (10240K), 3 survivors (3072K)
 Metaspace       used 51376K, committed 51840K, reserved 1114112K
  class space    used 6917K, committed 7104K, reserved 1048576K
}
Event: 45.530 GC heap after
{Heap after GC invocations=33 (full 0):
 garbage-first heap   total 102400K, used 60300K [0x0000000080000000, 0x0000000100000000)
  region size 1024K, 3 young (3072K), 3 survivors (3072K)
 Metaspace       used 51376K, committed 51840K, reserved 1114112K
  class space    used 6917K, committed 7104K, reserved 1048576K
}
Event: 46.267 GC heap before
{Heap before GC invocations=34 (full 0):
 garbage-first heap   total 111616K, used 69516K [0x0000000080000000, 0x0000000100000000)
  region size 1024K, 9 young (9216K), 3 survivors (3072K)
 Metaspace       used 51737K, committed 52224K, reserved 1114112K
  class space    used 6941K, committed 7168K, reserved 1048576K
}
Event: 46.274 GC heap after
{Heap after GC invocations=35 (full 0):
 garbage-first heap   total 111616K, used 67105K [0x0000000080000000, 0x0000000100000000)
  region size 1024K, 2 young (2048K), 2 survivors (2048K)
 Metaspace       used 51737K, committed 52224K, reserved 1114112K
  class space    used 6941K, committed 7168K, reserved 1048576K
}
Event: 48.233 GC heap before
{Heap before GC invocations=36 (full 0):
 garbage-first heap   total 117760K, used 84513K [0x0000000080000000, 0x0000000100000000)
  region size 1024K, 17 young (17408K), 2 survivors (2048K)
 Metaspace       used 53840K, committed 54400K, reserved 1114112K
  class space    used 7155K, committed 7424K, reserved 1048576K
}
Event: 48.237 GC heap after
{Heap after GC invocations=37 (full 0):
 garbage-first heap   total 117760K, used 67420K [0x0000000080000000, 0x0000000100000000)
  region size 1024K, 2 young (2048K), 2 survivors (2048K)
 Metaspace       used 53840K, committed 54400K, reserved 1114112K
  class space    used 7155K, committed 7424K, reserved 1048576K
}
Event: 50.426 GC heap before
{Heap before GC invocations=37 (full 0):
 garbage-first heap   total 117760K, used 86876K [0x0000000080000000, 0x0000000100000000)
  region size 1024K, 21 young (21504K), 2 survivors (2048K)
 Metaspace       used 54642K, committed 55232K, reserved 1114112K
  class space    used 7283K, committed 7552K, reserved 1048576K
}
Event: 50.433 GC heap after
{Heap after GC invocations=38 (full 0):
 garbage-first heap   total 117760K, used 68230K [0x0000000080000000, 0x0000000100000000)
  region size 1024K, 2 young (2048K), 2 survivors (2048K)
 Metaspace       used 54642K, committed 55232K, reserved 1114112K
  class space    used 7283K, committed 7552K, reserved 1048576K
}
Event: 52.461 GC heap before
{Heap before GC invocations=39 (full 0):
 garbage-first heap   total 117760K, used 88710K [0x0000000080000000, 0x0000000100000000)
  region size 1024K, 22 young (22528K), 2 survivors (2048K)
 Metaspace       used 58608K, committed 59136K, reserved 1114112K
  class space    used 8249K, committed 8512K, reserved 1048576K
}
Event: 52.468 GC heap after
{Heap after GC invocations=40 (full 0):
 garbage-first heap   total 117760K, used 68897K [0x0000000080000000, 0x0000000100000000)
  region size 1024K, 2 young (2048K), 2 survivors (2048K)
 Metaspace       used 58608K, committed 59136K, reserved 1114112K
  class space    used 8249K, committed 8512K, reserved 1048576K
}
Event: 53.244 GC heap before
{Heap before GC invocations=40 (full 0):
 garbage-first heap   total 117760K, used 90401K [0x0000000080000000, 0x0000000100000000)
  region size 1024K, 23 young (23552K), 2 survivors (2048K)
 Metaspace       used 61037K, committed 61568K, reserved 1114112K
  class space    used 8589K, committed 8832K, reserved 1048576K
}
Event: 53.250 GC heap after
{Heap after GC invocations=41 (full 0):
 garbage-first heap   total 117760K, used 69109K [0x0000000080000000, 0x0000000100000000)
  region size 1024K, 2 young (2048K), 2 survivors (2048K)
 Metaspace       used 61037K, committed 61568K, reserved 1114112K
  class space    used 8589K, committed 8832K, reserved 1048576K
}
Event: 54.398 GC heap before
{Heap before GC invocations=42 (full 0):
 garbage-first heap   total 119808K, used 91637K [0x0000000080000000, 0x0000000100000000)
  region size 1024K, 25 young (25600K), 2 survivors (2048K)
 Metaspace       used 63904K, committed 64512K, reserved 1114112K
  class space    used 8996K, committed 9280K, reserved 1048576K
}
Event: 54.405 GC heap after
{Heap after GC invocations=43 (full 0):
 garbage-first heap   total 119808K, used 69760K [0x0000000080000000, 0x0000000100000000)
  region size 1024K, 3 young (3072K), 3 survivors (3072K)
 Metaspace       used 63904K, committed 64512K, reserved 1114112K
  class space    used 8996K, committed 9280K, reserved 1048576K
}
Event: 55.234 GC heap before
{Heap before GC invocations=43 (full 0):
 garbage-first heap   total 119808K, used 94336K [0x0000000080000000, 0x0000000100000000)
  region size 1024K, 28 young (28672K), 3 survivors (3072K)
 Metaspace       used 67801K, committed 68352K, reserved 1114112K
  class space    used 9453K, committed 9728K, reserved 1048576K
}
Event: 55.243 GC heap after
{Heap after GC invocations=44 (full 0):
 garbage-first heap   total 119808K, used 70574K [0x0000000080000000, 0x0000000100000000)
  region size 1024K, 3 young (3072K), 3 survivors (3072K)
 Metaspace       used 67801K, committed 68352K, reserved 1114112K
  class space    used 9453K, committed 9728K, reserved 1048576K
}

